Determining if the pthread_create exist failed with the following output:
Change Dir: /home/raul/Escritorio/PRACTICA2(2)/PRACTICA2/build/CMakeFiles/CMakeTmp

Run Build Command:"/usr/bin/make" "cmTC_5e43b/fast"
/usr/bin/make -f CMakeFiles/cmTC_5e43b.dir/build.make CMakeFiles/cmTC_5e43b.dir/build
make[1]: se entra en el directorio '/home/raul/Escritorio/PRACTICA2(2)/PRACTICA2/build/CMakeFiles/CMakeTmp'
Building C object CMakeFiles/cmTC_5e43b.dir/CheckSymbolExists.c.o
/usr/bin/cc    -o CMakeFiles/cmTC_5e43b.dir/CheckSymbolExists.c.o   -c "/home/raul/Escritorio/PRACTICA2(2)/PRACTICA2/build/CMakeFiles/CMakeTmp/CheckSymbolExists.c"
Linking C executable cmTC_5e43b
/usr/bin/cmake -E cmake_link_script CMakeFiles/cmTC_5e43b.dir/link.txt --verbose=1
/usr/bin/cc      -rdynamic CMakeFiles/cmTC_5e43b.dir/CheckSymbolExists.c.o  -o cmTC_5e43b 
CMakeFiles/cmTC_5e43b.dir/CheckSymbolExists.c.o: En la función `main':
CheckSymbolExists.c:(.text+0x1b): referencia a `pthread_create' sin definir
collect2: error: ld returned 1 exit status
CMakeFiles/cmTC_5e43b.dir/build.make:97: fallo en las instrucciones para el objetivo 'cmTC_5e43b'
make[1]: *** [cmTC_5e43b] Error 1
make[1]: se sale del directorio '/home/raul/Escritorio/PRACTICA2(2)/PRACTICA2/build/CMakeFiles/CMakeTmp'
Makefile:126: fallo en las instrucciones para el objetivo 'cmTC_5e43b/fast'
make: *** [cmTC_5e43b/fast] Error 2

File /home/raul/Escritorio/PRACTICA2(2)/PRACTICA2/build/CMakeFiles/CMakeTmp/CheckSymbolExists.c:
/* */
#include <pthread.h>

int main(int argc, char** argv)
{
  (void)argv;
#ifndef pthread_create
  return ((int*)(&pthread_create))[argc];
#else
  (void)argc;
  return 0;
#endif
}

Determining if the function pthread_create exists in the pthreads failed with the following output:
Change Dir: /home/raul/Escritorio/PRACTICA2(2)/PRACTICA2/build/CMakeFiles/CMakeTmp

Run Build Command:"/usr/bin/make" "cmTC_6ef1c/fast"
/usr/bin/make -f CMakeFiles/cmTC_6ef1c.dir/build.make CMakeFiles/cmTC_6ef1c.dir/build
make[1]: se entra en el directorio '/home/raul/Escritorio/PRACTICA2(2)/PRACTICA2/build/CMakeFiles/CMakeTmp'
Building C object CMakeFiles/cmTC_6ef1c.dir/CheckFunctionExists.c.o
/usr/bin/cc   -DCHECK_FUNCTION_EXISTS=pthread_create   -o CMakeFiles/cmTC_6ef1c.dir/CheckFunctionExists.c.o   -c /usr/share/cmake-3.10/Modules/CheckFunctionExists.c
Linking C executable cmTC_6ef1c
/usr/bin/cmake -E cmake_link_script CMakeFiles/cmTC_6ef1c.dir/link.txt --verbose=1
/usr/bin/cc  -DCHECK_FUNCTION_EXISTS=pthread_create    -rdynamic CMakeFiles/cmTC_6ef1c.dir/CheckFunctionExists.c.o  -o cmTC_6ef1c -lpthreads 
/usr/bin/ld: no se puede encontrar -lpthreads
collect2: error: ld returned 1 exit status
CMakeFiles/cmTC_6ef1c.dir/build.make:97: fallo en las instrucciones para el objetivo 'cmTC_6ef1c'
make[1]: *** [cmTC_6ef1c] Error 1
make[1]: se sale del directorio '/home/raul/Escritorio/PRACTICA2(2)/PRACTICA2/build/CMakeFiles/CMakeTmp'
Makefile:126: fallo en las instrucciones para el objetivo 'cmTC_6ef1c/fast'
make: *** [cmTC_6ef1c/fast] Error 2


Determining if the pthread_create exist failed with the following output:
Change Dir: /home/ipv000/Descargas/PRACTICA2/build/CMakeFiles/CMakeTmp

Run Build Command:"/usr/bin/make" "cmTC_e0ad9/fast"
/usr/bin/make -f CMakeFiles/cmTC_e0ad9.dir/build.make CMakeFiles/cmTC_e0ad9.dir/build
make[1]: se entra en el directorio '/home/ipv000/Descargas/PRACTICA2/build/CMakeFiles/CMakeTmp'
Building C object CMakeFiles/cmTC_e0ad9.dir/CheckSymbolExists.c.o
/usr/bin/cc    -o CMakeFiles/cmTC_e0ad9.dir/CheckSymbolExists.c.o   -c /home/ipv000/Descargas/PRACTICA2/build/CMakeFiles/CMakeTmp/CheckSymbolExists.c
Linking C executable cmTC_e0ad9
/usr/bin/cmake -E cmake_link_script CMakeFiles/cmTC_e0ad9.dir/link.txt --verbose=1
/usr/bin/cc      -rdynamic CMakeFiles/cmTC_e0ad9.dir/CheckSymbolExists.c.o  -o cmTC_e0ad9 
CMakeFiles/cmTC_e0ad9.dir/CheckSymbolExists.c.o: En la función `main':
CheckSymbolExists.c:(.text+0x1b): referencia a `pthread_create' sin definir
collect2: error: ld returned 1 exit status
CMakeFiles/cmTC_e0ad9.dir/build.make:97: fallo en las instrucciones para el objetivo 'cmTC_e0ad9'
make[1]: *** [cmTC_e0ad9] Error 1
make[1]: se sale del directorio '/home/ipv000/Descargas/PRACTICA2/build/CMakeFiles/CMakeTmp'
Makefile:126: fallo en las instrucciones para el objetivo 'cmTC_e0ad9/fast'
make: *** [cmTC_e0ad9/fast] Error 2

File /home/ipv000/Descargas/PRACTICA2/build/CMakeFiles/CMakeTmp/CheckSymbolExists.c:
/* */
#include <pthread.h>

int main(int argc, char** argv)
{
  (void)argv;
#ifndef pthread_create
  return ((int*)(&pthread_create))[argc];
#else
  (void)argc;
  return 0;
#endif
}

Determining if the function pthread_create exists in the pthreads failed with the following output:
Change Dir: /home/ipv000/Descargas/PRACTICA2/build/CMakeFiles/CMakeTmp

Run Build Command:"/usr/bin/make" "cmTC_dc7e8/fast"
/usr/bin/make -f CMakeFiles/cmTC_dc7e8.dir/build.make CMakeFiles/cmTC_dc7e8.dir/build
make[1]: se entra en el directorio '/home/ipv000/Descargas/PRACTICA2/build/CMakeFiles/CMakeTmp'
Building C object CMakeFiles/cmTC_dc7e8.dir/CheckFunctionExists.c.o
/usr/bin/cc   -DCHECK_FUNCTION_EXISTS=pthread_create   -o CMakeFiles/cmTC_dc7e8.dir/CheckFunctionExists.c.o   -c /usr/share/cmake-3.10/Modules/CheckFunctionExists.c
Linking C executable cmTC_dc7e8
/usr/bin/cmake -E cmake_link_script CMakeFiles/cmTC_dc7e8.dir/link.txt --verbose=1
/usr/bin/cc  -DCHECK_FUNCTION_EXISTS=pthread_create    -rdynamic CMakeFiles/cmTC_dc7e8.dir/CheckFunctionExists.c.o  -o cmTC_dc7e8 -lpthreads 
/usr/bin/ld: no se puede encontrar -lpthreads
collect2: error: ld returned 1 exit status
CMakeFiles/cmTC_dc7e8.dir/build.make:97: fallo en las instrucciones para el objetivo 'cmTC_dc7e8'
make[1]: *** [cmTC_dc7e8] Error 1
make[1]: se sale del directorio '/home/ipv000/Descargas/PRACTICA2/build/CMakeFiles/CMakeTmp'
Makefile:126: fallo en las instrucciones para el objetivo 'cmTC_dc7e8/fast'
make: *** [cmTC_dc7e8/fast] Error 2


